Device Boot Report

InTouch log file: device3_intouch.log
Lines Scanned: 41855

Device boot count: initiated = 25, completed: 10


=== Device boot ===
31063(device3_intouch.log): 2014-01-26 09:55:07 Boot Start
31176(device3_intouch.log): 2014-01-26 09:58:04 Boot Completed
	Boot Time: 177000ms

Services
	ProtocolService
		Start:31161(device3_intouch.log)
		Completed:31171(device3_intouch.log)
		ElapsedTime:12305
	OfflineSmartviewService
		OfflineSmartviewServiceStart:31154(device3_intouch.log)
		Completed:31155(device3_intouch.log)
		ElapsedTime:14
	StateManager
		StateManagerStart:31152(device3_intouch.log)
		Completed:31153(device3_intouch.log)
		ElapsedTime:1584
	AVFeedbackService
		AVFeedbackServiceStart:31146(device3_intouch.log)
		Completed:31147(device3_intouch.log)
		ElapsedTime:161
	ReaderDataService
		ReaderDataServiceStart:31148(device3_intouch.log)
		Completed:31149(device3_intouch.log)
		ElapsedTime:2
	Logging
		LoggingStart:31079(device3_intouch.log)
		Completed:31080(device3_intouch.log)
		ElapsedTime:268
	DatabaseInitialize
		DatabaseInitializeStart:31081(device3_intouch.log)
		Completed:31109(device3_intouch.log)
		ElapsedTime:44465
	MessagingService
		MessagingServiceStart:31110(device3_intouch.log)
		Completed:31112(device3_intouch.log)
		ElapsedTime:5647
	DatabaseThreads
		ProtocolServiceSoftLoadServiceWATCHDOGDiagnosticsServiceDiagnosticsServiceStart:31161(device3_intouch.log)
		Start:31161(device3_intouch.log)
		Completed:31166(device3_intouch.log)
		ElapsedTime:4548
	ConfigurationService
		ConfigurationServiceStart:31130(device3_intouch.log)
		Completed:31131(device3_intouch.log)
		ElapsedTime:0
	CacheService
		CacheServiceStart:31132(device3_intouch.log)
		Completed:31133(device3_intouch.log)
		ElapsedTime:828
	StagingService
		StagingServiceStart:31142(device3_intouch.log)
		Completed:31143(device3_intouch.log)
		ElapsedTime:6734
	WATCHDOG
		Start:31161(device3_intouch.log)
		Completed:31163(device3_intouch.log)
		ElapsedTime:358
	DiagnosticsService
		Completed:31162(device3_intouch.log)
		ElapsedTime:179
	HealthMonitorService
		HealthMonitorServiceStart:31126(device3_intouch.log)
		Completed:31127(device3_intouch.log)
		ElapsedTime:234
	BellService
		BellServiceStart:31150(device3_intouch.log)
		Completed:31151(device3_intouch.log)
		ElapsedTime:1
	Persistence
		PersistenceStart:31128(device3_intouch.log)
		Completed:31129(device3_intouch.log)
		ElapsedTime:21260
	ThemingService
		ThemingServiceStart:31134(device3_intouch.log)
		Completed:31135(device3_intouch.log)
		ElapsedTime:0
	LandingPadService
		LandingPadServiceStart:31138(device3_intouch.log)
		Completed:31139(device3_intouch.log)
		ElapsedTime:1
	PortConfigurationService
		PortConfigurationServiceStart:31136(device3_intouch.log)
		Completed:31137(device3_intouch.log)
		ElapsedTime:81
	DeviceIOService
		DeviceIOServiceStart:31140(device3_intouch.log)
		Completed:31141(device3_intouch.log)
		ElapsedTime:43
	SoftLoadService
		Start:31161(device3_intouch.log)
		Completed:31164(device3_intouch.log)
		ElapsedTime:2617
	GateService
		GateServiceStart:31144(device3_intouch.log)
		Completed:31145(device3_intouch.log)
		ElapsedTime:2

=== Device boot ===
31274(device3_intouch.log): 2014-01-26 12:15:18 Boot Start
**** Incomplete boot ****

Services
	Logging
		 Start: Not started(device3_intouch.log)
		 Completed: Not completed(device3_intouch.log)
		 Elapsed Time: 
	DatabaseInitialize
		 Start: Not started(device3_intouch.log)
		 Completed: Not completed(device3_intouch.log)
		 Elapsed Time: 
	MessagingService
		 Start: Not started(device3_intouch.log)
		 Completed: Not completed(device3_intouch.log)
		 Elapsed Time: 
	HealthMonitorService
		 Start: Not started(device3_intouch.log)
		 Completed: Not completed(device3_intouch.log)
		 Elapsed Time: 
	Persistence
		 Start: Not started(device3_intouch.log)
		 Completed: Not completed(device3_intouch.log)
		 Elapsed Time: 
	ConfigurationService
		 Start: Not started(device3_intouch.log)
		 Completed: Not completed(device3_intouch.log)
		 Elapsed Time: 
	LandingPadService
		 Start: Not started(device3_intouch.log)
		 Completed: Not completed(device3_intouch.log)
		 Elapsed Time: 
	PortConfigurationService
		 Start: Not started(device3_intouch.log)
		 Completed: Not completed(device3_intouch.log)
		 Elapsed Time: 
	CacheService
		 Start: Not started(device3_intouch.log)
		 Completed: Not completed(device3_intouch.log)
		 Elapsed Time: 
	ThemingService
		 Start: Not started(device3_intouch.log)
		 Completed: Not completed(device3_intouch.log)
		 Elapsed Time: 
	StagingService
		 Start: Not started(device3_intouch.log)
		 Completed: Not completed(device3_intouch.log)
		 Elapsed Time: 
	DeviceIOService
		 Start: Not started(device3_intouch.log)
		 Completed: Not completed(device3_intouch.log)
		 Elapsed Time: 
	BellService
		 Start: Not started(device3_intouch.log)
		 Completed: Not completed(device3_intouch.log)
		 Elapsed Time: 
	GateService
		 Start: Not started(device3_intouch.log)
		 Completed: Not completed(device3_intouch.log)
		 Elapsed Time: 
	ReaderDataService
		 Start: Not started(device3_intouch.log)
		 Completed: Not completed(device3_intouch.log)
		 Elapsed Time: 
	BiometricService
		 Start: Not started(device3_intouch.log)
		 Completed: Not completed(device3_intouch.log)
		 Elapsed Time: 
	StateManager
		 Start: Not started(device3_intouch.log)
		 Completed: Not completed(device3_intouch.log)
		 Elapsed Time: 
	OfflineSmartviewService
		 Start: Not started(device3_intouch.log)
		 Completed: Not completed(device3_intouch.log)
		 Elapsed Time: 
	AVFeedbackService
		 Start: Not started(device3_intouch.log)
		 Completed: Not completed(device3_intouch.log)
		 Elapsed Time: 
	DatabaseThreads
		 Start: Not started(device3_intouch.log)
		 Completed: Not completed(device3_intouch.log)
		 Elapsed Time: 
	SoftLoadService
		 Start: Not started(device3_intouch.log)
		 Completed: Not completed(device3_intouch.log)
		 Elapsed Time: 
	WATCHDOG
		 Start: Not started(device3_intouch.log)
		 Completed: Not completed(device3_intouch.log)
		 Elapsed Time: 
	ProtocolService
		 Start: Not started(device3_intouch.log)
		 Completed: Not completed(device3_intouch.log)
		 Elapsed Time: 
	DiagnosticsService
		 Start: Not started(device3_intouch.log)
		 Completed: Not completed(device3_intouch.log)
		 Elapsed Time: 

*** Services not successfully started: Logging, DatabaseInitialize, MessagingService, HealthMonitorService, Persistence, ConfigurationService, LandingPadService, PortConfigurationService, CacheService, ThemingService, StagingService, DeviceIOService, BellService, GateService, ReaderDataService, BiometricService, StateManager, OfflineSmartviewService, AVFeedbackService, DatabaseThreads, SoftLoadService, WATCHDOG, ProtocolService, DiagnosticsService


=== Device boot ===
31274(device3_intouch.log): 2014-01-26 12:15:18 Boot Start
**** Incomplete boot ****


=== Device boot ===
31293(device3_intouch.log): 2014-01-26 14:02:39 Boot Start
31401(device3_intouch.log): 2014-01-26 14:05:24 Boot Completed
	Boot Time: 165000ms

Services
	PortConfigurationService
		PortConfigurationServiceStart:31379(device3_intouch.log)
		Completed:31380(device3_intouch.log)
		ElapsedTime:62
	OfflineSmartviewService
		OfflineSmartviewServiceStart:31377(device3_intouch.log)
		Completed:31378(device3_intouch.log)
		ElapsedTime:14
	SoftLoadService
		Start:31389(device3_intouch.log)
		Completed:31397(device3_intouch.log)
		ElapsedTime:2992
	GateService
		GateServiceStart:31375(device3_intouch.log)
		Completed:31376(device3_intouch.log)
		ElapsedTime:1
	AVFeedbackService
		AVFeedbackServiceStart:31381(device3_intouch.log)
		Completed:31382(device3_intouch.log)
		ElapsedTime:192
	StateManager
		StateManagerStart:31371(device3_intouch.log)
		Completed:31372(device3_intouch.log)
		ElapsedTime:2324
	DatabaseInitialize
		DatabaseInitializeStart:31311(device3_intouch.log)
		Completed:31335(device3_intouch.log)
		ElapsedTime:32010
	MessagingService
		MessagingServiceStart:31336(device3_intouch.log)
		Completed:31338(device3_intouch.log)
		ElapsedTime:6167
	DatabaseThreads
		ProtocolServiceDiagnosticsServiceSoftLoadServiceWATCHDOGWATCHDOGStart:31389(device3_intouch.log)
		Start:31389(device3_intouch.log)
		Completed:31396(device3_intouch.log)
		ElapsedTime:2986
	ConfigurationService
		ConfigurationServiceStart:31355(device3_intouch.log)
		Completed:31356(device3_intouch.log)
		ElapsedTime:0
	CacheService
		CacheServiceStart:31357(device3_intouch.log)
		Completed:31358(device3_intouch.log)
		ElapsedTime:878
	StagingService
		StagingServiceStart:31363(device3_intouch.log)
		Completed:31364(device3_intouch.log)
		ElapsedTime:7875
	DiagnosticsService
		Start:31389(device3_intouch.log)
		Completed:31391(device3_intouch.log)
		ElapsedTime:294
	WATCHDOG
		Completed:31390(device3_intouch.log)
		ElapsedTime:241
	HealthMonitorService
		HealthMonitorServiceStart:31351(device3_intouch.log)
		Completed:31352(device3_intouch.log)
		ElapsedTime:204
	BellService
		BellServiceStart:31373(device3_intouch.log)
		Completed:31374(device3_intouch.log)
		ElapsedTime:3
	Persistence
		PersistenceStart:31353(device3_intouch.log)
		Completed:31354(device3_intouch.log)
		ElapsedTime:17595
	ThemingService
		ThemingServiceStart:31359(device3_intouch.log)
		Completed:31360(device3_intouch.log)
		ElapsedTime:1
	LandingPadService
		LandingPadServiceStart:31361(device3_intouch.log)
		Completed:31362(device3_intouch.log)
		ElapsedTime:1
	DeviceIOService
		DeviceIOServiceStart:31365(device3_intouch.log)
		Completed:31366(device3_intouch.log)
		ElapsedTime:22
	BiometricService
		BiometricServiceStart:31367(device3_intouch.log)
		Completed:31368(device3_intouch.log)
		ElapsedTime:1334
	Logging
		LoggingStart:31309(device3_intouch.log)
		Completed:31310(device3_intouch.log)
		ElapsedTime:267
	ReaderDataService
		ReaderDataServiceStart:31369(device3_intouch.log)
		Completed:31370(device3_intouch.log)
		ElapsedTime:2

=== Device boot ===
32623(device3_intouch.log): 2014-01-27 12:27:55 Boot Start
**** Incomplete boot ****

Services
	Logging
		 Start: Not started(device3_intouch.log)
		 Completed: Not completed(device3_intouch.log)
		 Elapsed Time: 
	DatabaseInitialize
		 Start: Not started(device3_intouch.log)
		 Completed: Not completed(device3_intouch.log)
		 Elapsed Time: 
	MessagingService
		 Start: Not started(device3_intouch.log)
		 Completed: Not completed(device3_intouch.log)
		 Elapsed Time: 
	HealthMonitorService
		 Start: Not started(device3_intouch.log)
		 Completed: Not completed(device3_intouch.log)
		 Elapsed Time: 
	Persistence
		 Start: Not started(device3_intouch.log)
		 Completed: Not completed(device3_intouch.log)
		 Elapsed Time: 
	ConfigurationService
		 Start: Not started(device3_intouch.log)
		 Completed: Not completed(device3_intouch.log)
		 Elapsed Time: 
	LandingPadService
		 Start: Not started(device3_intouch.log)
		 Completed: Not completed(device3_intouch.log)
		 Elapsed Time: 
	PortConfigurationService
		 Start: Not started(device3_intouch.log)
		 Completed: Not completed(device3_intouch.log)
		 Elapsed Time: 
	CacheService
		 Start: Not started(device3_intouch.log)
		 Completed: Not completed(device3_intouch.log)
		 Elapsed Time: 
	ThemingService
		 Start: Not started(device3_intouch.log)
		 Completed: Not completed(device3_intouch.log)
		 Elapsed Time: 
	StagingService
		 Start: Not started(device3_intouch.log)
		 Completed: Not completed(device3_intouch.log)
		 Elapsed Time: 
	DeviceIOService
		 Start: Not started(device3_intouch.log)
		 Completed: Not completed(device3_intouch.log)
		 Elapsed Time: 
	BellService
		 Start: Not started(device3_intouch.log)
		 Completed: Not completed(device3_intouch.log)
		 Elapsed Time: 
	GateService
		 Start: Not started(device3_intouch.log)
		 Completed: Not completed(device3_intouch.log)
		 Elapsed Time: 
	ReaderDataService
		 Start: Not started(device3_intouch.log)
		 Completed: Not completed(device3_intouch.log)
		 Elapsed Time: 
	BiometricService
		 Start: Not started(device3_intouch.log)
		 Completed: Not completed(device3_intouch.log)
		 Elapsed Time: 
	StateManager
		 Start: Not started(device3_intouch.log)
		 Completed: Not completed(device3_intouch.log)
		 Elapsed Time: 
	OfflineSmartviewService
		 Start: Not started(device3_intouch.log)
		 Completed: Not completed(device3_intouch.log)
		 Elapsed Time: 
	AVFeedbackService
		 Start: Not started(device3_intouch.log)
		 Completed: Not completed(device3_intouch.log)
		 Elapsed Time: 
	DatabaseThreads
		 Start: Not started(device3_intouch.log)
		 Completed: Not completed(device3_intouch.log)
		 Elapsed Time: 
	SoftLoadService
		 Start: Not started(device3_intouch.log)
		 Completed: Not completed(device3_intouch.log)
		 Elapsed Time: 
	WATCHDOG
		 Start: Not started(device3_intouch.log)
		 Completed: Not completed(device3_intouch.log)
		 Elapsed Time: 
	ProtocolService
		 Start: Not started(device3_intouch.log)
		 Completed: Not completed(device3_intouch.log)
		 Elapsed Time: 
	DiagnosticsService
		 Start: Not started(device3_intouch.log)
		 Completed: Not completed(device3_intouch.log)
		 Elapsed Time: 

*** Services not successfully started: Logging, DatabaseInitialize, MessagingService, HealthMonitorService, Persistence, ConfigurationService, LandingPadService, PortConfigurationService, CacheService, ThemingService, StagingService, DeviceIOService, BellService, GateService, ReaderDataService, BiometricService, StateManager, OfflineSmartviewService, AVFeedbackService, DatabaseThreads, SoftLoadService, WATCHDOG, ProtocolService, DiagnosticsService


=== Device boot ===
32623(device3_intouch.log): 2014-01-27 12:27:55 Boot Start
**** Incomplete boot ****


=== Device boot ===
32641(device3_intouch.log): 2014-01-27 12:30:23 Boot Start
**** Incomplete boot ****

Services
	Logging
		 Start: Not started(device3_intouch.log)
		 Completed: Not completed(device3_intouch.log)
		 Elapsed Time: 
	DatabaseInitialize
		 Start: Not started(device3_intouch.log)
		 Completed: Not completed(device3_intouch.log)
		 Elapsed Time: 
	MessagingService
		 Start: Not started(device3_intouch.log)
		 Completed: Not completed(device3_intouch.log)
		 Elapsed Time: 
	HealthMonitorService
		 Start: Not started(device3_intouch.log)
		 Completed: Not completed(device3_intouch.log)
		 Elapsed Time: 
	Persistence
		 Start: Not started(device3_intouch.log)
		 Completed: Not completed(device3_intouch.log)
		 Elapsed Time: 
	ConfigurationService
		 Start: Not started(device3_intouch.log)
		 Completed: Not completed(device3_intouch.log)
		 Elapsed Time: 
	LandingPadService
		 Start: Not started(device3_intouch.log)
		 Completed: Not completed(device3_intouch.log)
		 Elapsed Time: 
	PortConfigurationService
		 Start: Not started(device3_intouch.log)
		 Completed: Not completed(device3_intouch.log)
		 Elapsed Time: 
	CacheService
		 Start: Not started(device3_intouch.log)
		 Completed: Not completed(device3_intouch.log)
		 Elapsed Time: 
	ThemingService
		 Start: Not started(device3_intouch.log)
		 Completed: Not completed(device3_intouch.log)
		 Elapsed Time: 
	StagingService
		 Start: Not started(device3_intouch.log)
		 Completed: Not completed(device3_intouch.log)
		 Elapsed Time: 
	DeviceIOService
		 Start: Not started(device3_intouch.log)
		 Completed: Not completed(device3_intouch.log)
		 Elapsed Time: 
	BellService
		 Start: Not started(device3_intouch.log)
		 Completed: Not completed(device3_intouch.log)
		 Elapsed Time: 
	GateService
		 Start: Not started(device3_intouch.log)
		 Completed: Not completed(device3_intouch.log)
		 Elapsed Time: 
	ReaderDataService
		 Start: Not started(device3_intouch.log)
		 Completed: Not completed(device3_intouch.log)
		 Elapsed Time: 
	BiometricService
		 Start: Not started(device3_intouch.log)
		 Completed: Not completed(device3_intouch.log)
		 Elapsed Time: 
	StateManager
		 Start: Not started(device3_intouch.log)
		 Completed: Not completed(device3_intouch.log)
		 Elapsed Time: 
	OfflineSmartviewService
		 Start: Not started(device3_intouch.log)
		 Completed: Not completed(device3_intouch.log)
		 Elapsed Time: 
	AVFeedbackService
		 Start: Not started(device3_intouch.log)
		 Completed: Not completed(device3_intouch.log)
		 Elapsed Time: 
	DatabaseThreads
		 Start: Not started(device3_intouch.log)
		 Completed: Not completed(device3_intouch.log)
		 Elapsed Time: 
	SoftLoadService
		 Start: Not started(device3_intouch.log)
		 Completed: Not completed(device3_intouch.log)
		 Elapsed Time: 
	WATCHDOG
		 Start: Not started(device3_intouch.log)
		 Completed: Not completed(device3_intouch.log)
		 Elapsed Time: 
	ProtocolService
		 Start: Not started(device3_intouch.log)
		 Completed: Not completed(device3_intouch.log)
		 Elapsed Time: 
	DiagnosticsService
		 Start: Not started(device3_intouch.log)
		 Completed: Not completed(device3_intouch.log)
		 Elapsed Time: 

*** Services not successfully started: Logging, DatabaseInitialize, MessagingService, HealthMonitorService, Persistence, ConfigurationService, LandingPadService, PortConfigurationService, CacheService, ThemingService, StagingService, DeviceIOService, BellService, GateService, ReaderDataService, BiometricService, StateManager, OfflineSmartviewService, AVFeedbackService, DatabaseThreads, SoftLoadService, WATCHDOG, ProtocolService, DiagnosticsService


=== Device boot ===
32623(device3_intouch.log): 2014-01-27 12:27:55 Boot Start
**** Incomplete boot ****


=== Device boot ===
32641(device3_intouch.log): 2014-01-27 12:30:23 Boot Start
**** Incomplete boot ****


=== Device boot ===
32656(device3_intouch.log): 2014-01-27 12:32:51 Boot Start
**** Incomplete boot ****

Services
	Logging
		 Start: Not started(device3_intouch.log)
		 Completed: Not completed(device3_intouch.log)
		 Elapsed Time: 
	DatabaseInitialize
		 Start: Not started(device3_intouch.log)
		 Completed: Not completed(device3_intouch.log)
		 Elapsed Time: 
	MessagingService
		 Start: Not started(device3_intouch.log)
		 Completed: Not completed(device3_intouch.log)
		 Elapsed Time: 
	HealthMonitorService
		 Start: Not started(device3_intouch.log)
		 Completed: Not completed(device3_intouch.log)
		 Elapsed Time: 
	Persistence
		 Start: Not started(device3_intouch.log)
		 Completed: Not completed(device3_intouch.log)
		 Elapsed Time: 
	ConfigurationService
		 Start: Not started(device3_intouch.log)
		 Completed: Not completed(device3_intouch.log)
		 Elapsed Time: 
	LandingPadService
		 Start: Not started(device3_intouch.log)
		 Completed: Not completed(device3_intouch.log)
		 Elapsed Time: 
	PortConfigurationService
		 Start: Not started(device3_intouch.log)
		 Completed: Not completed(device3_intouch.log)
		 Elapsed Time: 
	CacheService
		 Start: Not started(device3_intouch.log)
		 Completed: Not completed(device3_intouch.log)
		 Elapsed Time: 
	ThemingService
		 Start: Not started(device3_intouch.log)
		 Completed: Not completed(device3_intouch.log)
		 Elapsed Time: 
	StagingService
		 Start: Not started(device3_intouch.log)
		 Completed: Not completed(device3_intouch.log)
		 Elapsed Time: 
	DeviceIOService
		 Start: Not started(device3_intouch.log)
		 Completed: Not completed(device3_intouch.log)
		 Elapsed Time: 
	BellService
		 Start: Not started(device3_intouch.log)
		 Completed: Not completed(device3_intouch.log)
		 Elapsed Time: 
	GateService
		 Start: Not started(device3_intouch.log)
		 Completed: Not completed(device3_intouch.log)
		 Elapsed Time: 
	ReaderDataService
		 Start: Not started(device3_intouch.log)
		 Completed: Not completed(device3_intouch.log)
		 Elapsed Time: 
	BiometricService
		 Start: Not started(device3_intouch.log)
		 Completed: Not completed(device3_intouch.log)
		 Elapsed Time: 
	StateManager
		 Start: Not started(device3_intouch.log)
		 Completed: Not completed(device3_intouch.log)
		 Elapsed Time: 
	OfflineSmartviewService
		 Start: Not started(device3_intouch.log)
		 Completed: Not completed(device3_intouch.log)
		 Elapsed Time: 
	AVFeedbackService
		 Start: Not started(device3_intouch.log)
		 Completed: Not completed(device3_intouch.log)
		 Elapsed Time: 
	DatabaseThreads
		 Start: Not started(device3_intouch.log)
		 Completed: Not completed(device3_intouch.log)
		 Elapsed Time: 
	SoftLoadService
		 Start: Not started(device3_intouch.log)
		 Completed: Not completed(device3_intouch.log)
		 Elapsed Time: 
	WATCHDOG
		 Start: Not started(device3_intouch.log)
		 Completed: Not completed(device3_intouch.log)
		 Elapsed Time: 
	ProtocolService
		 Start: Not started(device3_intouch.log)
		 Completed: Not completed(device3_intouch.log)
		 Elapsed Time: 
	DiagnosticsService
		 Start: Not started(device3_intouch.log)
		 Completed: Not completed(device3_intouch.log)
		 Elapsed Time: 

*** Services not successfully started: Logging, DatabaseInitialize, MessagingService, HealthMonitorService, Persistence, ConfigurationService, LandingPadService, PortConfigurationService, CacheService, ThemingService, StagingService, DeviceIOService, BellService, GateService, ReaderDataService, BiometricService, StateManager, OfflineSmartviewService, AVFeedbackService, DatabaseThreads, SoftLoadService, WATCHDOG, ProtocolService, DiagnosticsService


=== Device boot ===
32623(device3_intouch.log): 2014-01-27 12:27:55 Boot Start
**** Incomplete boot ****


=== Device boot ===
32641(device3_intouch.log): 2014-01-27 12:30:23 Boot Start
**** Incomplete boot ****


=== Device boot ===
32656(device3_intouch.log): 2014-01-27 12:32:51 Boot Start
**** Incomplete boot ****


=== Device boot ===
32674(device3_intouch.log): 2014-01-27 12:35:19 Boot Start
**** Incomplete boot ****

Services
	Logging
		 Start: Not started(device3_intouch.log)
		 Completed: Not completed(device3_intouch.log)
		 Elapsed Time: 
	DatabaseInitialize
		 Start: Not started(device3_intouch.log)
		 Completed: Not completed(device3_intouch.log)
		 Elapsed Time: 
	MessagingService
		 Start: Not started(device3_intouch.log)
		 Completed: Not completed(device3_intouch.log)
		 Elapsed Time: 
	HealthMonitorService
		 Start: Not started(device3_intouch.log)
		 Completed: Not completed(device3_intouch.log)
		 Elapsed Time: 
	Persistence
		 Start: Not started(device3_intouch.log)
		 Completed: Not completed(device3_intouch.log)
		 Elapsed Time: 
	ConfigurationService
		 Start: Not started(device3_intouch.log)
		 Completed: Not completed(device3_intouch.log)
		 Elapsed Time: 
	LandingPadService
		 Start: Not started(device3_intouch.log)
		 Completed: Not completed(device3_intouch.log)
		 Elapsed Time: 
	PortConfigurationService
		 Start: Not started(device3_intouch.log)
		 Completed: Not completed(device3_intouch.log)
		 Elapsed Time: 
	CacheService
		 Start: Not started(device3_intouch.log)
		 Completed: Not completed(device3_intouch.log)
		 Elapsed Time: 
	ThemingService
		 Start: Not started(device3_intouch.log)
		 Completed: Not completed(device3_intouch.log)
		 Elapsed Time: 
	StagingService
		 Start: Not started(device3_intouch.log)
		 Completed: Not completed(device3_intouch.log)
		 Elapsed Time: 
	DeviceIOService
		 Start: Not started(device3_intouch.log)
		 Completed: Not completed(device3_intouch.log)
		 Elapsed Time: 
	BellService
		 Start: Not started(device3_intouch.log)
		 Completed: Not completed(device3_intouch.log)
		 Elapsed Time: 
	GateService
		 Start: Not started(device3_intouch.log)
		 Completed: Not completed(device3_intouch.log)
		 Elapsed Time: 
	ReaderDataService
		 Start: Not started(device3_intouch.log)
		 Completed: Not completed(device3_intouch.log)
		 Elapsed Time: 
	BiometricService
		 Start: Not started(device3_intouch.log)
		 Completed: Not completed(device3_intouch.log)
		 Elapsed Time: 
	StateManager
		 Start: Not started(device3_intouch.log)
		 Completed: Not completed(device3_intouch.log)
		 Elapsed Time: 
	OfflineSmartviewService
		 Start: Not started(device3_intouch.log)
		 Completed: Not completed(device3_intouch.log)
		 Elapsed Time: 
	AVFeedbackService
		 Start: Not started(device3_intouch.log)
		 Completed: Not completed(device3_intouch.log)
		 Elapsed Time: 
	DatabaseThreads
		 Start: Not started(device3_intouch.log)
		 Completed: Not completed(device3_intouch.log)
		 Elapsed Time: 
	SoftLoadService
		 Start: Not started(device3_intouch.log)
		 Completed: Not completed(device3_intouch.log)
		 Elapsed Time: 
	WATCHDOG
		 Start: Not started(device3_intouch.log)
		 Completed: Not completed(device3_intouch.log)
		 Elapsed Time: 
	ProtocolService
		 Start: Not started(device3_intouch.log)
		 Completed: Not completed(device3_intouch.log)
		 Elapsed Time: 
	DiagnosticsService
		 Start: Not started(device3_intouch.log)
		 Completed: Not completed(device3_intouch.log)
		 Elapsed Time: 

*** Services not successfully started: Logging, DatabaseInitialize, MessagingService, HealthMonitorService, Persistence, ConfigurationService, LandingPadService, PortConfigurationService, CacheService, ThemingService, StagingService, DeviceIOService, BellService, GateService, ReaderDataService, BiometricService, StateManager, OfflineSmartviewService, AVFeedbackService, DatabaseThreads, SoftLoadService, WATCHDOG, ProtocolService, DiagnosticsService


=== Device boot ===
32623(device3_intouch.log): 2014-01-27 12:27:55 Boot Start
**** Incomplete boot ****


=== Device boot ===
32641(device3_intouch.log): 2014-01-27 12:30:23 Boot Start
**** Incomplete boot ****


=== Device boot ===
32656(device3_intouch.log): 2014-01-27 12:32:51 Boot Start
**** Incomplete boot ****


=== Device boot ===
32674(device3_intouch.log): 2014-01-27 12:35:19 Boot Start
**** Incomplete boot ****


=== Device boot ===
32693(device3_intouch.log): 2014-01-27 14:02:38 Boot Start
32801(device3_intouch.log): 2014-01-27 14:05:21 Boot Completed
	Boot Time: 163000ms

Services
	ThemingService
		ThemingServiceStart:32781(device3_intouch.log)
		Completed:32782(device3_intouch.log)
		ElapsedTime:0
	OfflineSmartviewService
		OfflineSmartviewServiceStart:32779(device3_intouch.log)
		Completed:32780(device3_intouch.log)
		ElapsedTime:15
	BiometricService
		BiometricServiceStart:32771(device3_intouch.log)
		Completed:32772(device3_intouch.log)
		ElapsedTime:1420
	ReaderDataService
		ReaderDataServiceStart:32777(device3_intouch.log)
		Completed:32778(device3_intouch.log)
		ElapsedTime:2
	Logging
		LoggingStart:32709(device3_intouch.log)
		Completed:32710(device3_intouch.log)
		ElapsedTime:269
	DatabaseInitialize
		DatabaseInitializeStart:32711(device3_intouch.log)
		Completed:32735(device3_intouch.log)
		ElapsedTime:31621
	MessagingService
		MessagingServiceStart:32736(device3_intouch.log)
		Completed:32738(device3_intouch.log)
		ElapsedTime:5923
	DatabaseThreads
		ProtocolServiceSoftLoadServiceWATCHDOGDiagnosticsServiceWATCHDOGStart:32789(device3_intouch.log)
		Start:32789(device3_intouch.log)
		Completed:32796(device3_intouch.log)
		ElapsedTime:3074
	ConfigurationService
		ConfigurationServiceStart:32755(device3_intouch.log)
		Completed:32756(device3_intouch.log)
		ElapsedTime:0
	CacheService
		CacheServiceStart:32765(device3_intouch.log)
		Completed:32766(device3_intouch.log)
		ElapsedTime:905
	StateManager
		StateManagerStart:32773(device3_intouch.log)
		Completed:32774(device3_intouch.log)
		ElapsedTime:2299
	AVFeedbackService
		AVFeedbackServiceStart:32767(device3_intouch.log)
		Completed:32768(device3_intouch.log)
		ElapsedTime:156
	StagingService
		StagingServiceStart:32769(device3_intouch.log)
		Completed:32770(device3_intouch.log)
		ElapsedTime:7601
	DiagnosticsService
		Start:32789(device3_intouch.log)
		Completed:32791(device3_intouch.log)
		ElapsedTime:236
	WATCHDOG
		Completed:32790(device3_intouch.log)
		ElapsedTime:22
	HealthMonitorService
		HealthMonitorServiceStart:32751(device3_intouch.log)
		Completed:32752(device3_intouch.log)
		ElapsedTime:230
	BellService
		BellServiceStart:32775(device3_intouch.log)
		Completed:32776(device3_intouch.log)
		ElapsedTime:2
	Persistence
		PersistenceStart:32753(device3_intouch.log)
		Completed:32754(device3_intouch.log)
		ElapsedTime:17202
	PortConfigurationService
		PortConfigurationServiceStart:32757(device3_intouch.log)
		Completed:32758(device3_intouch.log)
		ElapsedTime:63
	LandingPadService
		LandingPadServiceStart:32759(device3_intouch.log)
		Completed:32760(device3_intouch.log)
		ElapsedTime:1
	DeviceIOService
		DeviceIOServiceStart:32761(device3_intouch.log)
		Completed:32762(device3_intouch.log)
		ElapsedTime:22
	SoftLoadService
		Start:32789(device3_intouch.log)
		Completed:32794(device3_intouch.log)
		ElapsedTime:2507
	GateService
		GateServiceStart:32763(device3_intouch.log)
		Completed:32764(device3_intouch.log)
		ElapsedTime:2

=== Device boot ===
33709(device3_intouch.log): 2014-01-28 12:44:17 Boot Start
**** Incomplete boot ****

Services
	Logging
		 Start: Not started(device3_intouch.log)
		 Completed: Not completed(device3_intouch.log)
		 Elapsed Time: 
	DatabaseInitialize
		 Start: Not started(device3_intouch.log)
		 Completed: Not completed(device3_intouch.log)
		 Elapsed Time: 
	MessagingService
		 Start: Not started(device3_intouch.log)
		 Completed: Not completed(device3_intouch.log)
		 Elapsed Time: 
	HealthMonitorService
		 Start: Not started(device3_intouch.log)
		 Completed: Not completed(device3_intouch.log)
		 Elapsed Time: 
	Persistence
		 Start: Not started(device3_intouch.log)
		 Completed: Not completed(device3_intouch.log)
		 Elapsed Time: 
	ConfigurationService
		 Start: Not started(device3_intouch.log)
		 Completed: Not completed(device3_intouch.log)
		 Elapsed Time: 
	LandingPadService
		 Start: Not started(device3_intouch.log)
		 Completed: Not completed(device3_intouch.log)
		 Elapsed Time: 
	PortConfigurationService
		 Start: Not started(device3_intouch.log)
		 Completed: Not completed(device3_intouch.log)
		 Elapsed Time: 
	CacheService
		 Start: Not started(device3_intouch.log)
		 Completed: Not completed(device3_intouch.log)
		 Elapsed Time: 
	ThemingService
		 Start: Not started(device3_intouch.log)
		 Completed: Not completed(device3_intouch.log)
		 Elapsed Time: 
	StagingService
		 Start: Not started(device3_intouch.log)
		 Completed: Not completed(device3_intouch.log)
		 Elapsed Time: 
	DeviceIOService
		 Start: Not started(device3_intouch.log)
		 Completed: Not completed(device3_intouch.log)
		 Elapsed Time: 
	BellService
		 Start: Not started(device3_intouch.log)
		 Completed: Not completed(device3_intouch.log)
		 Elapsed Time: 
	GateService
		 Start: Not started(device3_intouch.log)
		 Completed: Not completed(device3_intouch.log)
		 Elapsed Time: 
	ReaderDataService
		 Start: Not started(device3_intouch.log)
		 Completed: Not completed(device3_intouch.log)
		 Elapsed Time: 
	BiometricService
		 Start: Not started(device3_intouch.log)
		 Completed: Not completed(device3_intouch.log)
		 Elapsed Time: 
	StateManager
		 Start: Not started(device3_intouch.log)
		 Completed: Not completed(device3_intouch.log)
		 Elapsed Time: 
	OfflineSmartviewService
		 Start: Not started(device3_intouch.log)
		 Completed: Not completed(device3_intouch.log)
		 Elapsed Time: 
	AVFeedbackService
		 Start: Not started(device3_intouch.log)
		 Completed: Not completed(device3_intouch.log)
		 Elapsed Time: 
	DatabaseThreads
		 Start: Not started(device3_intouch.log)
		 Completed: Not completed(device3_intouch.log)
		 Elapsed Time: 
	SoftLoadService
		 Start: Not started(device3_intouch.log)
		 Completed: Not completed(device3_intouch.log)
		 Elapsed Time: 
	WATCHDOG
		 Start: Not started(device3_intouch.log)
		 Completed: Not completed(device3_intouch.log)
		 Elapsed Time: 
	ProtocolService
		 Start: Not started(device3_intouch.log)
		 Completed: Not completed(device3_intouch.log)
		 Elapsed Time: 
	DiagnosticsService
		 Start: Not started(device3_intouch.log)
		 Completed: Not completed(device3_intouch.log)
		 Elapsed Time: 

*** Services not successfully started: Logging, DatabaseInitialize, MessagingService, HealthMonitorService, Persistence, ConfigurationService, LandingPadService, PortConfigurationService, CacheService, ThemingService, StagingService, DeviceIOService, BellService, GateService, ReaderDataService, BiometricService, StateManager, OfflineSmartviewService, AVFeedbackService, DatabaseThreads, SoftLoadService, WATCHDOG, ProtocolService, DiagnosticsService


=== Device boot ===
33709(device3_intouch.log): 2014-01-28 12:44:17 Boot Start
**** Incomplete boot ****


=== Device boot ===
33725(device3_intouch.log): 2014-01-28 14:02:33 Boot Start
33833(device3_intouch.log): 2014-01-28 14:05:15 Boot Completed
	Boot Time: 162000ms

Services
	ThemingService
		ThemingServiceStart:33813(device3_intouch.log)
		Completed:33814(device3_intouch.log)
		ElapsedTime:0
	OfflineSmartviewService
		OfflineSmartviewServiceStart:33811(device3_intouch.log)
		Completed:33812(device3_intouch.log)
		ElapsedTime:22
	BiometricService
		BiometricServiceStart:33803(device3_intouch.log)
		Completed:33804(device3_intouch.log)
		ElapsedTime:1181
	ReaderDataService
		ReaderDataServiceStart:33809(device3_intouch.log)
		Completed:33810(device3_intouch.log)
		ElapsedTime:2
	Logging
		LoggingStart:33741(device3_intouch.log)
		Completed:33742(device3_intouch.log)
		ElapsedTime:273
	DatabaseInitialize
		DatabaseInitializeStart:33743(device3_intouch.log)
		Completed:33767(device3_intouch.log)
		ElapsedTime:31220
	MessagingService
		MessagingServiceStart:33768(device3_intouch.log)
		Completed:33770(device3_intouch.log)
		ElapsedTime:5918
	DatabaseThreads
		SoftLoadServiceProtocolServiceWATCHDOGDiagnosticsServiceDiagnosticsServiceStart:33821(device3_intouch.log)
		Start:33821(device3_intouch.log)
		Completed:33829(device3_intouch.log)
		ElapsedTime:2732
	ConfigurationService
		ConfigurationServiceStart:33787(device3_intouch.log)
		Completed:33788(device3_intouch.log)
		ElapsedTime:0
	CacheService
		CacheServiceStart:33797(device3_intouch.log)
		Completed:33798(device3_intouch.log)
		ElapsedTime:918
	StateManager
		StateManagerStart:33805(device3_intouch.log)
		Completed:33806(device3_intouch.log)
		ElapsedTime:2215
	AVFeedbackService
		AVFeedbackServiceStart:33799(device3_intouch.log)
		Completed:33800(device3_intouch.log)
		ElapsedTime:184
	StagingService
		StagingServiceStart:33801(device3_intouch.log)
		Completed:33802(device3_intouch.log)
		ElapsedTime:7757
	WATCHDOG
		Start:33821(device3_intouch.log)
		Completed:33823(device3_intouch.log)
		ElapsedTime:279
	DiagnosticsService
		Completed:33822(device3_intouch.log)
		ElapsedTime:153
	HealthMonitorService
		HealthMonitorServiceStart:33783(device3_intouch.log)
		Completed:33784(device3_intouch.log)
		ElapsedTime:182
	BellService
		BellServiceStart:33807(device3_intouch.log)
		Completed:33808(device3_intouch.log)
		ElapsedTime:2
	Persistence
		PersistenceStart:33785(device3_intouch.log)
		Completed:33786(device3_intouch.log)
		ElapsedTime:17472
	PortConfigurationService
		PortConfigurationServiceStart:33789(device3_intouch.log)
		Completed:33790(device3_intouch.log)
		ElapsedTime:53
	LandingPadService
		LandingPadServiceStart:33791(device3_intouch.log)
		Completed:33792(device3_intouch.log)
		ElapsedTime:1
	DeviceIOService
		DeviceIOServiceStart:33793(device3_intouch.log)
		Completed:33794(device3_intouch.log)
		ElapsedTime:20
	SoftLoadService
		Start:33821(device3_intouch.log)
		Completed:33828(device3_intouch.log)
		ElapsedTime:2655
	GateService
		GateServiceStart:33795(device3_intouch.log)
		Completed:33796(device3_intouch.log)
		ElapsedTime:2

=== Device boot ===
34594(device3_intouch.log): 2014-01-29 12:43:07 Boot Start
**** Incomplete boot ****

Services
	Logging
		 Start: Not started(device3_intouch.log)
		 Completed: Not completed(device3_intouch.log)
		 Elapsed Time: 
	DatabaseInitialize
		 Start: Not started(device3_intouch.log)
		 Completed: Not completed(device3_intouch.log)
		 Elapsed Time: 
	MessagingService
		 Start: Not started(device3_intouch.log)
		 Completed: Not completed(device3_intouch.log)
		 Elapsed Time: 
	HealthMonitorService
		 Start: Not started(device3_intouch.log)
		 Completed: Not completed(device3_intouch.log)
		 Elapsed Time: 
	Persistence
		 Start: Not started(device3_intouch.log)
		 Completed: Not completed(device3_intouch.log)
		 Elapsed Time: 
	ConfigurationService
		 Start: Not started(device3_intouch.log)
		 Completed: Not completed(device3_intouch.log)
		 Elapsed Time: 
	LandingPadService
		 Start: Not started(device3_intouch.log)
		 Completed: Not completed(device3_intouch.log)
		 Elapsed Time: 
	PortConfigurationService
		 Start: Not started(device3_intouch.log)
		 Completed: Not completed(device3_intouch.log)
		 Elapsed Time: 
	CacheService
		 Start: Not started(device3_intouch.log)
		 Completed: Not completed(device3_intouch.log)
		 Elapsed Time: 
	ThemingService
		 Start: Not started(device3_intouch.log)
		 Completed: Not completed(device3_intouch.log)
		 Elapsed Time: 
	StagingService
		 Start: Not started(device3_intouch.log)
		 Completed: Not completed(device3_intouch.log)
		 Elapsed Time: 
	DeviceIOService
		 Start: Not started(device3_intouch.log)
		 Completed: Not completed(device3_intouch.log)
		 Elapsed Time: 
	BellService
		 Start: Not started(device3_intouch.log)
		 Completed: Not completed(device3_intouch.log)
		 Elapsed Time: 
	GateService
		 Start: Not started(device3_intouch.log)
		 Completed: Not completed(device3_intouch.log)
		 Elapsed Time: 
	ReaderDataService
		 Start: Not started(device3_intouch.log)
		 Completed: Not completed(device3_intouch.log)
		 Elapsed Time: 
	BiometricService
		 Start: Not started(device3_intouch.log)
		 Completed: Not completed(device3_intouch.log)
		 Elapsed Time: 
	StateManager
		 Start: Not started(device3_intouch.log)
		 Completed: Not completed(device3_intouch.log)
		 Elapsed Time: 
	OfflineSmartviewService
		 Start: Not started(device3_intouch.log)
		 Completed: Not completed(device3_intouch.log)
		 Elapsed Time: 
	AVFeedbackService
		 Start: Not started(device3_intouch.log)
		 Completed: Not completed(device3_intouch.log)
		 Elapsed Time: 
	DatabaseThreads
		 Start: Not started(device3_intouch.log)
		 Completed: Not completed(device3_intouch.log)
		 Elapsed Time: 
	SoftLoadService
		 Start: Not started(device3_intouch.log)
		 Completed: Not completed(device3_intouch.log)
		 Elapsed Time: 
	WATCHDOG
		 Start: Not started(device3_intouch.log)
		 Completed: Not completed(device3_intouch.log)
		 Elapsed Time: 
	ProtocolService
		 Start: Not started(device3_intouch.log)
		 Completed: Not completed(device3_intouch.log)
		 Elapsed Time: 
	DiagnosticsService
		 Start: Not started(device3_intouch.log)
		 Completed: Not completed(device3_intouch.log)
		 Elapsed Time: 

*** Services not successfully started: Logging, DatabaseInitialize, MessagingService, HealthMonitorService, Persistence, ConfigurationService, LandingPadService, PortConfigurationService, CacheService, ThemingService, StagingService, DeviceIOService, BellService, GateService, ReaderDataService, BiometricService, StateManager, OfflineSmartviewService, AVFeedbackService, DatabaseThreads, SoftLoadService, WATCHDOG, ProtocolService, DiagnosticsService


=== Device boot ===
34594(device3_intouch.log): 2014-01-29 12:43:07 Boot Start
**** Incomplete boot ****


=== Device boot ===
34613(device3_intouch.log): 2014-01-29 14:02:35 Boot Start
34721(device3_intouch.log): 2014-01-29 14:05:19 Boot Completed
	Boot Time: 164000ms

Services
	ThemingService
		ThemingServiceStart:34701(device3_intouch.log)
		Completed:34702(device3_intouch.log)
		ElapsedTime:1
	OfflineSmartviewService
		OfflineSmartviewServiceStart:34699(device3_intouch.log)
		Completed:34700(device3_intouch.log)
		ElapsedTime:51
	BiometricService
		BiometricServiceStart:34691(device3_intouch.log)
		Completed:34692(device3_intouch.log)
		ElapsedTime:1154
	ReaderDataService
		ReaderDataServiceStart:34697(device3_intouch.log)
		Completed:34698(device3_intouch.log)
		ElapsedTime:2
	Logging
		LoggingStart:34629(device3_intouch.log)
		Completed:34630(device3_intouch.log)
		ElapsedTime:313
	DatabaseInitialize
		DatabaseInitializeStart:34631(device3_intouch.log)
		Completed:34655(device3_intouch.log)
		ElapsedTime:32029
	MessagingService
		MessagingServiceStart:34656(device3_intouch.log)
		Completed:34658(device3_intouch.log)
		ElapsedTime:7815
	DatabaseThreads
		ProtocolServiceSoftLoadServiceWATCHDOGDiagnosticsServiceDiagnosticsServiceStart:34710(device3_intouch.log)
		Start:34710(device3_intouch.log)
		Completed:34715(device3_intouch.log)
		ElapsedTime:2587
	ConfigurationService
		ConfigurationServiceStart:34675(device3_intouch.log)
		Completed:34676(device3_intouch.log)
		ElapsedTime:0
	CacheService
		CacheServiceStart:34685(device3_intouch.log)
		Completed:34686(device3_intouch.log)
		ElapsedTime:1108
	StateManager
		StateManagerStart:34693(device3_intouch.log)
		Completed:34694(device3_intouch.log)
		ElapsedTime:2112
	AVFeedbackService
		AVFeedbackServiceStart:34687(device3_intouch.log)
		Completed:34688(device3_intouch.log)
		ElapsedTime:179
	StagingService
		StagingServiceStart:34689(device3_intouch.log)
		Completed:34690(device3_intouch.log)
		ElapsedTime:7704
	WATCHDOG
		Start:34710(device3_intouch.log)
		Completed:34712(device3_intouch.log)
		ElapsedTime:278
	DiagnosticsService
		Completed:34711(device3_intouch.log)
		ElapsedTime:177
	HealthMonitorService
		HealthMonitorServiceStart:34671(device3_intouch.log)
		Completed:34672(device3_intouch.log)
		ElapsedTime:178
	BellService
		BellServiceStart:34695(device3_intouch.log)
		Completed:34696(device3_intouch.log)
		ElapsedTime:2
	Persistence
		PersistenceStart:34673(device3_intouch.log)
		Completed:34674(device3_intouch.log)
		ElapsedTime:17133
	PortConfigurationService
		PortConfigurationServiceStart:34677(device3_intouch.log)
		Completed:34678(device3_intouch.log)
		ElapsedTime:58
	LandingPadService
		LandingPadServiceStart:34679(device3_intouch.log)
		Completed:34680(device3_intouch.log)
		ElapsedTime:2
	DeviceIOService
		DeviceIOServiceStart:34681(device3_intouch.log)
		Completed:34682(device3_intouch.log)
		ElapsedTime:34
	SoftLoadService
		Start:34710(device3_intouch.log)
		Completed:34718(device3_intouch.log)
		ElapsedTime:2854
	GateService
		GateServiceStart:34683(device3_intouch.log)
		Completed:34684(device3_intouch.log)
		ElapsedTime:3

=== Device boot ===
37428(device3_intouch.log): 2014-01-30 12:43:05 Boot Start
**** Incomplete boot ****

Services
	Logging
		 Start: Not started(device3_intouch.log)
		 Completed: Not completed(device3_intouch.log)
		 Elapsed Time: 
	DatabaseInitialize
		 Start: Not started(device3_intouch.log)
		 Completed: Not completed(device3_intouch.log)
		 Elapsed Time: 
	MessagingService
		 Start: Not started(device3_intouch.log)
		 Completed: Not completed(device3_intouch.log)
		 Elapsed Time: 
	HealthMonitorService
		 Start: Not started(device3_intouch.log)
		 Completed: Not completed(device3_intouch.log)
		 Elapsed Time: 
	Persistence
		 Start: Not started(device3_intouch.log)
		 Completed: Not completed(device3_intouch.log)
		 Elapsed Time: 
	ConfigurationService
		 Start: Not started(device3_intouch.log)
		 Completed: Not completed(device3_intouch.log)
		 Elapsed Time: 
	LandingPadService
		 Start: Not started(device3_intouch.log)
		 Completed: Not completed(device3_intouch.log)
		 Elapsed Time: 
	PortConfigurationService
		 Start: Not started(device3_intouch.log)
		 Completed: Not completed(device3_intouch.log)
		 Elapsed Time: 
	CacheService
		 Start: Not started(device3_intouch.log)
		 Completed: Not completed(device3_intouch.log)
		 Elapsed Time: 
	ThemingService
		 Start: Not started(device3_intouch.log)
		 Completed: Not completed(device3_intouch.log)
		 Elapsed Time: 
	StagingService
		 Start: Not started(device3_intouch.log)
		 Completed: Not completed(device3_intouch.log)
		 Elapsed Time: 
	DeviceIOService
		 Start: Not started(device3_intouch.log)
		 Completed: Not completed(device3_intouch.log)
		 Elapsed Time: 
	BellService
		 Start: Not started(device3_intouch.log)
		 Completed: Not completed(device3_intouch.log)
		 Elapsed Time: 
	GateService
		 Start: Not started(device3_intouch.log)
		 Completed: Not completed(device3_intouch.log)
		 Elapsed Time: 
	ReaderDataService
		 Start: Not started(device3_intouch.log)
		 Completed: Not completed(device3_intouch.log)
		 Elapsed Time: 
	BiometricService
		 Start: Not started(device3_intouch.log)
		 Completed: Not completed(device3_intouch.log)
		 Elapsed Time: 
	StateManager
		 Start: Not started(device3_intouch.log)
		 Completed: Not completed(device3_intouch.log)
		 Elapsed Time: 
	OfflineSmartviewService
		 Start: Not started(device3_intouch.log)
		 Completed: Not completed(device3_intouch.log)
		 Elapsed Time: 
	AVFeedbackService
		 Start: Not started(device3_intouch.log)
		 Completed: Not completed(device3_intouch.log)
		 Elapsed Time: 
	DatabaseThreads
		 Start: Not started(device3_intouch.log)
		 Completed: Not completed(device3_intouch.log)
		 Elapsed Time: 
	SoftLoadService
		 Start: Not started(device3_intouch.log)
		 Completed: Not completed(device3_intouch.log)
		 Elapsed Time: 
	WATCHDOG
		 Start: Not started(device3_intouch.log)
		 Completed: Not completed(device3_intouch.log)
		 Elapsed Time: 
	ProtocolService
		 Start: Not started(device3_intouch.log)
		 Completed: Not completed(device3_intouch.log)
		 Elapsed Time: 
	DiagnosticsService
		 Start: Not started(device3_intouch.log)
		 Completed: Not completed(device3_intouch.log)
		 Elapsed Time: 

*** Services not successfully started: Logging, DatabaseInitialize, MessagingService, HealthMonitorService, Persistence, ConfigurationService, LandingPadService, PortConfigurationService, CacheService, ThemingService, StagingService, DeviceIOService, BellService, GateService, ReaderDataService, BiometricService, StateManager, OfflineSmartviewService, AVFeedbackService, DatabaseThreads, SoftLoadService, WATCHDOG, ProtocolService, DiagnosticsService


=== Device boot ===
37428(device3_intouch.log): 2014-01-30 12:43:05 Boot Start
**** Incomplete boot ****


=== Device boot ===
37447(device3_intouch.log): 2014-01-30 14:02:40 Boot Start
37555(device3_intouch.log): 2014-01-30 14:05:22 Boot Completed
	Boot Time: 162000ms

Services
	ThemingService
		ThemingServiceStart:37535(device3_intouch.log)
		Completed:37536(device3_intouch.log)
		ElapsedTime:0
	OfflineSmartviewService
		OfflineSmartviewServiceStart:37533(device3_intouch.log)
		Completed:37534(device3_intouch.log)
		ElapsedTime:27
	BiometricService
		BiometricServiceStart:37525(device3_intouch.log)
		Completed:37526(device3_intouch.log)
		ElapsedTime:1257
	ReaderDataService
		ReaderDataServiceStart:37531(device3_intouch.log)
		Completed:37532(device3_intouch.log)
		ElapsedTime:2
	Logging
		LoggingStart:37463(device3_intouch.log)
		Completed:37464(device3_intouch.log)
		ElapsedTime:271
	DatabaseInitialize
		DatabaseInitializeStart:37465(device3_intouch.log)
		Completed:37489(device3_intouch.log)
		ElapsedTime:31643
	MessagingService
		MessagingServiceStart:37490(device3_intouch.log)
		Completed:37492(device3_intouch.log)
		ElapsedTime:5902
	DatabaseThreads
		ProtocolServiceSoftLoadServiceWATCHDOGDiagnosticsServiceDiagnosticsServiceStart:37543(device3_intouch.log)
		Start:37543(device3_intouch.log)
		Completed:37550(device3_intouch.log)
		ElapsedTime:3273
	ConfigurationService
		ConfigurationServiceStart:37509(device3_intouch.log)
		Completed:37510(device3_intouch.log)
		ElapsedTime:0
	CacheService
		CacheServiceStart:37519(device3_intouch.log)
		Completed:37520(device3_intouch.log)
		ElapsedTime:1081
	StateManager
		StateManagerStart:37527(device3_intouch.log)
		Completed:37528(device3_intouch.log)
		ElapsedTime:2073
	AVFeedbackService
		AVFeedbackServiceStart:37521(device3_intouch.log)
		Completed:37522(device3_intouch.log)
		ElapsedTime:169
	StagingService
		StagingServiceStart:37523(device3_intouch.log)
		Completed:37524(device3_intouch.log)
		ElapsedTime:7814
	WATCHDOG
		Start:37543(device3_intouch.log)
		Completed:37545(device3_intouch.log)
		ElapsedTime:313
	DiagnosticsService
		Completed:37544(device3_intouch.log)
		ElapsedTime:147
	HealthMonitorService
		HealthMonitorServiceStart:37505(device3_intouch.log)
		Completed:37506(device3_intouch.log)
		ElapsedTime:198
	BellService
		BellServiceStart:37529(device3_intouch.log)
		Completed:37530(device3_intouch.log)
		ElapsedTime:2
	Persistence
		PersistenceStart:37507(device3_intouch.log)
		Completed:37508(device3_intouch.log)
		ElapsedTime:17076
	PortConfigurationService
		PortConfigurationServiceStart:37511(device3_intouch.log)
		Completed:37512(device3_intouch.log)
		ElapsedTime:66
	LandingPadService
		LandingPadServiceStart:37513(device3_intouch.log)
		Completed:37514(device3_intouch.log)
		ElapsedTime:2
	DeviceIOService
		DeviceIOServiceStart:37515(device3_intouch.log)
		Completed:37516(device3_intouch.log)
		ElapsedTime:23
	SoftLoadService
		Start:37543(device3_intouch.log)
		Completed:37548(device3_intouch.log)
		ElapsedTime:2877
	GateService
		GateServiceStart:37517(device3_intouch.log)
		Completed:37518(device3_intouch.log)
		ElapsedTime:3

=== Device boot ===
38258(device3_intouch.log): 2014-01-31 14:02:33 Boot Start
38366(device3_intouch.log): 2014-01-31 14:05:16 Boot Completed
	Boot Time: 163000ms

Services
	ThemingService
		ThemingServiceStart:38346(device3_intouch.log)
		Completed:38347(device3_intouch.log)
		ElapsedTime:0
	OfflineSmartviewService
		OfflineSmartviewServiceStart:38344(device3_intouch.log)
		Completed:38345(device3_intouch.log)
		ElapsedTime:35
	BiometricService
		BiometricServiceStart:38336(device3_intouch.log)
		Completed:38337(device3_intouch.log)
		ElapsedTime:1176
	ReaderDataService
		ReaderDataServiceStart:38342(device3_intouch.log)
		Completed:38343(device3_intouch.log)
		ElapsedTime:2
	Logging
		LoggingStart:38274(device3_intouch.log)
		Completed:38275(device3_intouch.log)
		ElapsedTime:265
	DatabaseInitialize
		DatabaseInitializeStart:38276(device3_intouch.log)
		Completed:38300(device3_intouch.log)
		ElapsedTime:31531
	MessagingService
		MessagingServiceStart:38301(device3_intouch.log)
		Completed:38303(device3_intouch.log)
		ElapsedTime:6494
	DatabaseThreads
		ProtocolServiceDiagnosticsServiceSoftLoadServiceWATCHDOGDiagnosticsServiceStart:38354(device3_intouch.log)
		Start:38354(device3_intouch.log)
		Completed:38362(device3_intouch.log)
		ElapsedTime:3257
	ConfigurationService
		ConfigurationServiceStart:38320(device3_intouch.log)
		Completed:38321(device3_intouch.log)
		ElapsedTime:0
	CacheService
		CacheServiceStart:38330(device3_intouch.log)
		Completed:38331(device3_intouch.log)
		ElapsedTime:1204
	StateManager
		StateManagerStart:38338(device3_intouch.log)
		Completed:38339(device3_intouch.log)
		ElapsedTime:2151
	AVFeedbackService
		AVFeedbackServiceStart:38332(device3_intouch.log)
		Completed:38333(device3_intouch.log)
		ElapsedTime:156
	StagingService
		StagingServiceStart:38334(device3_intouch.log)
		Completed:38335(device3_intouch.log)
		ElapsedTime:7714
	WATCHDOG
		Start:38354(device3_intouch.log)
		Completed:38356(device3_intouch.log)
		ElapsedTime:359
	DiagnosticsService
		Completed:38355(device3_intouch.log)
		ElapsedTime:314
	HealthMonitorService
		HealthMonitorServiceStart:38316(device3_intouch.log)
		Completed:38317(device3_intouch.log)
		ElapsedTime:146
	BellService
		BellServiceStart:38340(device3_intouch.log)
		Completed:38341(device3_intouch.log)
		ElapsedTime:2
	Persistence
		PersistenceStart:38318(device3_intouch.log)
		Completed:38319(device3_intouch.log)
		ElapsedTime:17412
	PortConfigurationService
		PortConfigurationServiceStart:38322(device3_intouch.log)
		Completed:38323(device3_intouch.log)
		ElapsedTime:59
	LandingPadService
		LandingPadServiceStart:38324(device3_intouch.log)
		Completed:38325(device3_intouch.log)
		ElapsedTime:2
	DeviceIOService
		DeviceIOServiceStart:38326(device3_intouch.log)
		Completed:38327(device3_intouch.log)
		ElapsedTime:27
	SoftLoadService
		Start:38354(device3_intouch.log)
		Completed:38358(device3_intouch.log)
		ElapsedTime:3031
	GateService
		GateServiceStart:38328(device3_intouch.log)
		Completed:38329(device3_intouch.log)
		ElapsedTime:3

=== Device boot ===
39150(device3_intouch.log): 2014-02-01 12:39:38 Boot Start
**** Incomplete boot ****

Services
	Logging
		 Start: Not started(device3_intouch.log)
		 Completed: Not completed(device3_intouch.log)
		 Elapsed Time: 
	DatabaseInitialize
		 Start: Not started(device3_intouch.log)
		 Completed: Not completed(device3_intouch.log)
		 Elapsed Time: 
	MessagingService
		 Start: Not started(device3_intouch.log)
		 Completed: Not completed(device3_intouch.log)
		 Elapsed Time: 
	HealthMonitorService
		 Start: Not started(device3_intouch.log)
		 Completed: Not completed(device3_intouch.log)
		 Elapsed Time: 
	Persistence
		 Start: Not started(device3_intouch.log)
		 Completed: Not completed(device3_intouch.log)
		 Elapsed Time: 
	ConfigurationService
		 Start: Not started(device3_intouch.log)
		 Completed: Not completed(device3_intouch.log)
		 Elapsed Time: 
	LandingPadService
		 Start: Not started(device3_intouch.log)
		 Completed: Not completed(device3_intouch.log)
		 Elapsed Time: 
	PortConfigurationService
		 Start: Not started(device3_intouch.log)
		 Completed: Not completed(device3_intouch.log)
		 Elapsed Time: 
	CacheService
		 Start: Not started(device3_intouch.log)
		 Completed: Not completed(device3_intouch.log)
		 Elapsed Time: 
	ThemingService
		 Start: Not started(device3_intouch.log)
		 Completed: Not completed(device3_intouch.log)
		 Elapsed Time: 
	StagingService
		 Start: Not started(device3_intouch.log)
		 Completed: Not completed(device3_intouch.log)
		 Elapsed Time: 
	DeviceIOService
		 Start: Not started(device3_intouch.log)
		 Completed: Not completed(device3_intouch.log)
		 Elapsed Time: 
	BellService
		 Start: Not started(device3_intouch.log)
		 Completed: Not completed(device3_intouch.log)
		 Elapsed Time: 
	GateService
		 Start: Not started(device3_intouch.log)
		 Completed: Not completed(device3_intouch.log)
		 Elapsed Time: 
	ReaderDataService
		 Start: Not started(device3_intouch.log)
		 Completed: Not completed(device3_intouch.log)
		 Elapsed Time: 
	BiometricService
		 Start: Not started(device3_intouch.log)
		 Completed: Not completed(device3_intouch.log)
		 Elapsed Time: 
	StateManager
		 Start: Not started(device3_intouch.log)
		 Completed: Not completed(device3_intouch.log)
		 Elapsed Time: 
	OfflineSmartviewService
		 Start: Not started(device3_intouch.log)
		 Completed: Not completed(device3_intouch.log)
		 Elapsed Time: 
	AVFeedbackService
		 Start: Not started(device3_intouch.log)
		 Completed: Not completed(device3_intouch.log)
		 Elapsed Time: 
	DatabaseThreads
		 Start: Not started(device3_intouch.log)
		 Completed: Not completed(device3_intouch.log)
		 Elapsed Time: 
	SoftLoadService
		 Start: Not started(device3_intouch.log)
		 Completed: Not completed(device3_intouch.log)
		 Elapsed Time: 
	WATCHDOG
		 Start: Not started(device3_intouch.log)
		 Completed: Not completed(device3_intouch.log)
		 Elapsed Time: 
	ProtocolService
		 Start: Not started(device3_intouch.log)
		 Completed: Not completed(device3_intouch.log)
		 Elapsed Time: 
	DiagnosticsService
		 Start: Not started(device3_intouch.log)
		 Completed: Not completed(device3_intouch.log)
		 Elapsed Time: 

*** Services not successfully started: Logging, DatabaseInitialize, MessagingService, HealthMonitorService, Persistence, ConfigurationService, LandingPadService, PortConfigurationService, CacheService, ThemingService, StagingService, DeviceIOService, BellService, GateService, ReaderDataService, BiometricService, StateManager, OfflineSmartviewService, AVFeedbackService, DatabaseThreads, SoftLoadService, WATCHDOG, ProtocolService, DiagnosticsService


=== Device boot ===
39150(device3_intouch.log): 2014-02-01 12:39:38 Boot Start
**** Incomplete boot ****


=== Device boot ===
39166(device3_intouch.log): 2014-02-01 12:42:07 Boot Start
**** Incomplete boot ****

Services
	Logging
		 Start: Not started(device3_intouch.log)
		 Completed: Not completed(device3_intouch.log)
		 Elapsed Time: 
	DatabaseInitialize
		 Start: Not started(device3_intouch.log)
		 Completed: Not completed(device3_intouch.log)
		 Elapsed Time: 
	MessagingService
		 Start: Not started(device3_intouch.log)
		 Completed: Not completed(device3_intouch.log)
		 Elapsed Time: 
	HealthMonitorService
		 Start: Not started(device3_intouch.log)
		 Completed: Not completed(device3_intouch.log)
		 Elapsed Time: 
	Persistence
		 Start: Not started(device3_intouch.log)
		 Completed: Not completed(device3_intouch.log)
		 Elapsed Time: 
	ConfigurationService
		 Start: Not started(device3_intouch.log)
		 Completed: Not completed(device3_intouch.log)
		 Elapsed Time: 
	LandingPadService
		 Start: Not started(device3_intouch.log)
		 Completed: Not completed(device3_intouch.log)
		 Elapsed Time: 
	PortConfigurationService
		 Start: Not started(device3_intouch.log)
		 Completed: Not completed(device3_intouch.log)
		 Elapsed Time: 
	CacheService
		 Start: Not started(device3_intouch.log)
		 Completed: Not completed(device3_intouch.log)
		 Elapsed Time: 
	ThemingService
		 Start: Not started(device3_intouch.log)
		 Completed: Not completed(device3_intouch.log)
		 Elapsed Time: 
	StagingService
		 Start: Not started(device3_intouch.log)
		 Completed: Not completed(device3_intouch.log)
		 Elapsed Time: 
	DeviceIOService
		 Start: Not started(device3_intouch.log)
		 Completed: Not completed(device3_intouch.log)
		 Elapsed Time: 
	BellService
		 Start: Not started(device3_intouch.log)
		 Completed: Not completed(device3_intouch.log)
		 Elapsed Time: 
	GateService
		 Start: Not started(device3_intouch.log)
		 Completed: Not completed(device3_intouch.log)
		 Elapsed Time: 
	ReaderDataService
		 Start: Not started(device3_intouch.log)
		 Completed: Not completed(device3_intouch.log)
		 Elapsed Time: 
	BiometricService
		 Start: Not started(device3_intouch.log)
		 Completed: Not completed(device3_intouch.log)
		 Elapsed Time: 
	StateManager
		 Start: Not started(device3_intouch.log)
		 Completed: Not completed(device3_intouch.log)
		 Elapsed Time: 
	OfflineSmartviewService
		 Start: Not started(device3_intouch.log)
		 Completed: Not completed(device3_intouch.log)
		 Elapsed Time: 
	AVFeedbackService
		 Start: Not started(device3_intouch.log)
		 Completed: Not completed(device3_intouch.log)
		 Elapsed Time: 
	DatabaseThreads
		 Start: Not started(device3_intouch.log)
		 Completed: Not completed(device3_intouch.log)
		 Elapsed Time: 
	SoftLoadService
		 Start: Not started(device3_intouch.log)
		 Completed: Not completed(device3_intouch.log)
		 Elapsed Time: 
	WATCHDOG
		 Start: Not started(device3_intouch.log)
		 Completed: Not completed(device3_intouch.log)
		 Elapsed Time: 
	ProtocolService
		 Start: Not started(device3_intouch.log)
		 Completed: Not completed(device3_intouch.log)
		 Elapsed Time: 
	DiagnosticsService
		 Start: Not started(device3_intouch.log)
		 Completed: Not completed(device3_intouch.log)
		 Elapsed Time: 

*** Services not successfully started: Logging, DatabaseInitialize, MessagingService, HealthMonitorService, Persistence, ConfigurationService, LandingPadService, PortConfigurationService, CacheService, ThemingService, StagingService, DeviceIOService, BellService, GateService, ReaderDataService, BiometricService, StateManager, OfflineSmartviewService, AVFeedbackService, DatabaseThreads, SoftLoadService, WATCHDOG, ProtocolService, DiagnosticsService


=== Device boot ===
39150(device3_intouch.log): 2014-02-01 12:39:38 Boot Start
**** Incomplete boot ****


=== Device boot ===
39166(device3_intouch.log): 2014-02-01 12:42:07 Boot Start
**** Incomplete boot ****


=== Device boot ===
39182(device3_intouch.log): 2014-02-01 14:02:32 Boot Start
39290(device3_intouch.log): 2014-02-01 14:05:16 Boot Completed
	Boot Time: 164000ms

Services
	ThemingService
		ThemingServiceStart:39270(device3_intouch.log)
		Completed:39271(device3_intouch.log)
		ElapsedTime:0
	OfflineSmartviewService
		OfflineSmartviewServiceStart:39268(device3_intouch.log)
		Completed:39269(device3_intouch.log)
		ElapsedTime:21
	BiometricService
		BiometricServiceStart:39260(device3_intouch.log)
		Completed:39261(device3_intouch.log)
		ElapsedTime:1160
	ReaderDataService
		ReaderDataServiceStart:39266(device3_intouch.log)
		Completed:39267(device3_intouch.log)
		ElapsedTime:2
	Logging
		LoggingStart:39198(device3_intouch.log)
		Completed:39199(device3_intouch.log)
		ElapsedTime:273
	DatabaseInitialize
		DatabaseInitializeStart:39200(device3_intouch.log)
		Completed:39224(device3_intouch.log)
		ElapsedTime:31393
	MessagingService
		MessagingServiceStart:39225(device3_intouch.log)
		Completed:39227(device3_intouch.log)
		ElapsedTime:6275
	DatabaseThreads
		ProtocolServiceSoftLoadServiceWATCHDOGDiagnosticsServiceDiagnosticsServiceStart:39278(device3_intouch.log)
		Start:39278(device3_intouch.log)
		Completed:39286(device3_intouch.log)
		ElapsedTime:3318
	ConfigurationService
		ConfigurationServiceStart:39244(device3_intouch.log)
		Completed:39245(device3_intouch.log)
		ElapsedTime:0
	CacheService
		CacheServiceStart:39254(device3_intouch.log)
		Completed:39255(device3_intouch.log)
		ElapsedTime:852
	StateManager
		StateManagerStart:39262(device3_intouch.log)
		Completed:39263(device3_intouch.log)
		ElapsedTime:2140
	AVFeedbackService
		AVFeedbackServiceStart:39256(device3_intouch.log)
		Completed:39257(device3_intouch.log)
		ElapsedTime:153
	StagingService
		StagingServiceStart:39258(device3_intouch.log)
		Completed:39259(device3_intouch.log)
		ElapsedTime:8049
	WATCHDOG
		Start:39278(device3_intouch.log)
		Completed:39280(device3_intouch.log)
		ElapsedTime:392
	DiagnosticsService
		Completed:39279(device3_intouch.log)
		ElapsedTime:357
	HealthMonitorService
		HealthMonitorServiceStart:39240(device3_intouch.log)
		Completed:39241(device3_intouch.log)
		ElapsedTime:188
	BellService
		BellServiceStart:39264(device3_intouch.log)
		Completed:39265(device3_intouch.log)
		ElapsedTime:1
	Persistence
		PersistenceStart:39242(device3_intouch.log)
		Completed:39243(device3_intouch.log)
		ElapsedTime:17916
	PortConfigurationService
		PortConfigurationServiceStart:39246(device3_intouch.log)
		Completed:39247(device3_intouch.log)
		ElapsedTime:59
	LandingPadService
		LandingPadServiceStart:39248(device3_intouch.log)
		Completed:39249(device3_intouch.log)
		ElapsedTime:2
	DeviceIOService
		DeviceIOServiceStart:39250(device3_intouch.log)
		Completed:39251(device3_intouch.log)
		ElapsedTime:25
	SoftLoadService
		Start:39278(device3_intouch.log)
		Completed:39285(device3_intouch.log)
		ElapsedTime:3279
	GateService
		GateServiceStart:39252(device3_intouch.log)
		Completed:39253(device3_intouch.log)
		ElapsedTime:3

=== Device boot ===
40288(device3_intouch.log): 2014-02-02 14:02:39 Boot Start
40397(device3_intouch.log): 2014-02-02 14:05:31 Boot Completed
	Boot Time: 172000ms

Services
	SoftLoadService
		Start:40385(device3_intouch.log)
		Completed:40392(device3_intouch.log)
		ElapsedTime:3053
	GateService
		GateServiceStart:40375(device3_intouch.log)
		Completed:40376(device3_intouch.log)
		ElapsedTime:3
	OfflineSmartviewService
		OfflineSmartviewServiceStart:40373(device3_intouch.log)
		Completed:40374(device3_intouch.log)
		ElapsedTime:23
	AVFeedbackService
		AVFeedbackServiceStart:40371(device3_intouch.log)
		Completed:40372(device3_intouch.log)
		ElapsedTime:154
	StateManager
		StateManagerStart:40367(device3_intouch.log)
		Completed:40368(device3_intouch.log)
		ElapsedTime:2550
	ReaderDataService
		ReaderDataServiceStart:40369(device3_intouch.log)
		Completed:40370(device3_intouch.log)
		ElapsedTime:2
	Logging
		LoggingStart:40304(device3_intouch.log)
		Completed:40305(device3_intouch.log)
		ElapsedTime:301
	DatabaseInitialize
		DatabaseInitializeStart:40306(device3_intouch.log)
		Completed:40330(device3_intouch.log)
		ElapsedTime:31693
	MessagingService
		MessagingServiceStart:40331(device3_intouch.log)
		Completed:40333(device3_intouch.log)
		ElapsedTime:5915
	DatabaseThreads
		WATCHDOGDiagnosticsServiceSoftLoadServiceProtocolServiceDiagnosticsServiceStart:40385(device3_intouch.log)
		Start:40385(device3_intouch.log)
		Completed:40393(device3_intouch.log)
		ElapsedTime:3367
	ConfigurationService
		ConfigurationServiceStart:40351(device3_intouch.log)
		Completed:40352(device3_intouch.log)
		ElapsedTime:0
	CacheService
		CacheServiceStart:40355(device3_intouch.log)
		Completed:40356(device3_intouch.log)
		ElapsedTime:986
	StagingService
		StagingServiceStart:40363(device3_intouch.log)
		Completed:40364(device3_intouch.log)
		ElapsedTime:9763
	WATCHDOG
		Start:40385(device3_intouch.log)
		Completed:40387(device3_intouch.log)
		ElapsedTime:246
	DiagnosticsService
		Completed:40386(device3_intouch.log)
		ElapsedTime:243
	HealthMonitorService
		HealthMonitorServiceStart:40347(device3_intouch.log)
		Completed:40348(device3_intouch.log)
		ElapsedTime:205
	BellService
		BellServiceStart:40377(device3_intouch.log)
		Completed:40378(device3_intouch.log)
		ElapsedTime:2
	Persistence
		PersistenceStart:40349(device3_intouch.log)
		Completed:40350(device3_intouch.log)
		ElapsedTime:19870
	ThemingService
		ThemingServiceStart:40353(device3_intouch.log)
		Completed:40354(device3_intouch.log)
		ElapsedTime:1
	LandingPadService
		LandingPadServiceStart:40357(device3_intouch.log)
		Completed:40358(device3_intouch.log)
		ElapsedTime:2
	PortConfigurationService
		PortConfigurationServiceStart:40359(device3_intouch.log)
		Completed:40360(device3_intouch.log)
		ElapsedTime:82
	DeviceIOService
		DeviceIOServiceStart:40361(device3_intouch.log)
		Completed:40362(device3_intouch.log)
		ElapsedTime:29
	BiometricService
		BiometricServiceStart:40365(device3_intouch.log)
		Completed:40366(device3_intouch.log)
		ElapsedTime:1163

=== Device boot ===
41615(device3_intouch.log): 2014-02-03 12:35:55 Boot Start
**** Incomplete boot ****

Services
	Logging
		 Start: Not started(device3_intouch.log)
		 Completed: Not completed(device3_intouch.log)
		 Elapsed Time: 
	DatabaseInitialize
		 Start: Not started(device3_intouch.log)
		 Completed: Not completed(device3_intouch.log)
		 Elapsed Time: 
	MessagingService
		 Start: Not started(device3_intouch.log)
		 Completed: Not completed(device3_intouch.log)
		 Elapsed Time: 
	HealthMonitorService
		 Start: Not started(device3_intouch.log)
		 Completed: Not completed(device3_intouch.log)
		 Elapsed Time: 
	Persistence
		 Start: Not started(device3_intouch.log)
		 Completed: Not completed(device3_intouch.log)
		 Elapsed Time: 
	ConfigurationService
		 Start: Not started(device3_intouch.log)
		 Completed: Not completed(device3_intouch.log)
		 Elapsed Time: 
	LandingPadService
		 Start: Not started(device3_intouch.log)
		 Completed: Not completed(device3_intouch.log)
		 Elapsed Time: 
	PortConfigurationService
		 Start: Not started(device3_intouch.log)
		 Completed: Not completed(device3_intouch.log)
		 Elapsed Time: 
	CacheService
		 Start: Not started(device3_intouch.log)
		 Completed: Not completed(device3_intouch.log)
		 Elapsed Time: 
	ThemingService
		 Start: Not started(device3_intouch.log)
		 Completed: Not completed(device3_intouch.log)
		 Elapsed Time: 
	StagingService
		 Start: Not started(device3_intouch.log)
		 Completed: Not completed(device3_intouch.log)
		 Elapsed Time: 
	DeviceIOService
		 Start: Not started(device3_intouch.log)
		 Completed: Not completed(device3_intouch.log)
		 Elapsed Time: 
	BellService
		 Start: Not started(device3_intouch.log)
		 Completed: Not completed(device3_intouch.log)
		 Elapsed Time: 
	GateService
		 Start: Not started(device3_intouch.log)
		 Completed: Not completed(device3_intouch.log)
		 Elapsed Time: 
	ReaderDataService
		 Start: Not started(device3_intouch.log)
		 Completed: Not completed(device3_intouch.log)
		 Elapsed Time: 
	BiometricService
		 Start: Not started(device3_intouch.log)
		 Completed: Not completed(device3_intouch.log)
		 Elapsed Time: 
	StateManager
		 Start: Not started(device3_intouch.log)
		 Completed: Not completed(device3_intouch.log)
		 Elapsed Time: 
	OfflineSmartviewService
		 Start: Not started(device3_intouch.log)
		 Completed: Not completed(device3_intouch.log)
		 Elapsed Time: 
	AVFeedbackService
		 Start: Not started(device3_intouch.log)
		 Completed: Not completed(device3_intouch.log)
		 Elapsed Time: 
	DatabaseThreads
		 Start: Not started(device3_intouch.log)
		 Completed: Not completed(device3_intouch.log)
		 Elapsed Time: 
	SoftLoadService
		 Start: Not started(device3_intouch.log)
		 Completed: Not completed(device3_intouch.log)
		 Elapsed Time: 
	WATCHDOG
		 Start: Not started(device3_intouch.log)
		 Completed: Not completed(device3_intouch.log)
		 Elapsed Time: 
	ProtocolService
		 Start: Not started(device3_intouch.log)
		 Completed: Not completed(device3_intouch.log)
		 Elapsed Time: 
	DiagnosticsService
		 Start: Not started(device3_intouch.log)
		 Completed: Not completed(device3_intouch.log)
		 Elapsed Time: 

*** Services not successfully started: Logging, DatabaseInitialize, MessagingService, HealthMonitorService, Persistence, ConfigurationService, LandingPadService, PortConfigurationService, CacheService, ThemingService, StagingService, DeviceIOService, BellService, GateService, ReaderDataService, BiometricService, StateManager, OfflineSmartviewService, AVFeedbackService, DatabaseThreads, SoftLoadService, WATCHDOG, ProtocolService, DiagnosticsService


=== Device boot ===
41615(device3_intouch.log): 2014-02-03 12:35:55 Boot Start
**** Incomplete boot ****


=== Device boot ===
41633(device3_intouch.log): 2014-02-03 12:38:22 Boot Start
**** Incomplete boot ****

Services
	Logging
		 Start: Not started(device3_intouch.log)
		 Completed: Not completed(device3_intouch.log)
		 Elapsed Time: 
	DatabaseInitialize
		 Start: Not started(device3_intouch.log)
		 Completed: Not completed(device3_intouch.log)
		 Elapsed Time: 
	MessagingService
		 Start: Not started(device3_intouch.log)
		 Completed: Not completed(device3_intouch.log)
		 Elapsed Time: 
	HealthMonitorService
		 Start: Not started(device3_intouch.log)
		 Completed: Not completed(device3_intouch.log)
		 Elapsed Time: 
	Persistence
		 Start: Not started(device3_intouch.log)
		 Completed: Not completed(device3_intouch.log)
		 Elapsed Time: 
	ConfigurationService
		 Start: Not started(device3_intouch.log)
		 Completed: Not completed(device3_intouch.log)
		 Elapsed Time: 
	LandingPadService
		 Start: Not started(device3_intouch.log)
		 Completed: Not completed(device3_intouch.log)
		 Elapsed Time: 
	PortConfigurationService
		 Start: Not started(device3_intouch.log)
		 Completed: Not completed(device3_intouch.log)
		 Elapsed Time: 
	CacheService
		 Start: Not started(device3_intouch.log)
		 Completed: Not completed(device3_intouch.log)
		 Elapsed Time: 
	ThemingService
		 Start: Not started(device3_intouch.log)
		 Completed: Not completed(device3_intouch.log)
		 Elapsed Time: 
	StagingService
		 Start: Not started(device3_intouch.log)
		 Completed: Not completed(device3_intouch.log)
		 Elapsed Time: 
	DeviceIOService
		 Start: Not started(device3_intouch.log)
		 Completed: Not completed(device3_intouch.log)
		 Elapsed Time: 
	BellService
		 Start: Not started(device3_intouch.log)
		 Completed: Not completed(device3_intouch.log)
		 Elapsed Time: 
	GateService
		 Start: Not started(device3_intouch.log)
		 Completed: Not completed(device3_intouch.log)
		 Elapsed Time: 
	ReaderDataService
		 Start: Not started(device3_intouch.log)
		 Completed: Not completed(device3_intouch.log)
		 Elapsed Time: 
	BiometricService
		 Start: Not started(device3_intouch.log)
		 Completed: Not completed(device3_intouch.log)
		 Elapsed Time: 
	StateManager
		 Start: Not started(device3_intouch.log)
		 Completed: Not completed(device3_intouch.log)
		 Elapsed Time: 
	OfflineSmartviewService
		 Start: Not started(device3_intouch.log)
		 Completed: Not completed(device3_intouch.log)
		 Elapsed Time: 
	AVFeedbackService
		 Start: Not started(device3_intouch.log)
		 Completed: Not completed(device3_intouch.log)
		 Elapsed Time: 
	DatabaseThreads
		 Start: Not started(device3_intouch.log)
		 Completed: Not completed(device3_intouch.log)
		 Elapsed Time: 
	SoftLoadService
		 Start: Not started(device3_intouch.log)
		 Completed: Not completed(device3_intouch.log)
		 Elapsed Time: 
	WATCHDOG
		 Start: Not started(device3_intouch.log)
		 Completed: Not completed(device3_intouch.log)
		 Elapsed Time: 
	ProtocolService
		 Start: Not started(device3_intouch.log)
		 Completed: Not completed(device3_intouch.log)
		 Elapsed Time: 
	DiagnosticsService
		 Start: Not started(device3_intouch.log)
		 Completed: Not completed(device3_intouch.log)
		 Elapsed Time: 

*** Services not successfully started: Logging, DatabaseInitialize, MessagingService, HealthMonitorService, Persistence, ConfigurationService, LandingPadService, PortConfigurationService, CacheService, ThemingService, StagingService, DeviceIOService, BellService, GateService, ReaderDataService, BiometricService, StateManager, OfflineSmartviewService, AVFeedbackService, DatabaseThreads, SoftLoadService, WATCHDOG, ProtocolService, DiagnosticsService


=== Device boot ===
41615(device3_intouch.log): 2014-02-03 12:35:55 Boot Start
**** Incomplete boot ****


=== Device boot ===
41633(device3_intouch.log): 2014-02-03 12:38:22 Boot Start
**** Incomplete boot ****


=== Device boot ===
41648(device3_intouch.log): 2014-02-03 12:40:48 Boot Start
**** Incomplete boot ****

Services
	Logging
		 Start: Not started(device3_intouch.log)
		 Completed: Not completed(device3_intouch.log)
		 Elapsed Time: 
	DatabaseInitialize
		 Start: Not started(device3_intouch.log)
		 Completed: Not completed(device3_intouch.log)
		 Elapsed Time: 
	MessagingService
		 Start: Not started(device3_intouch.log)
		 Completed: Not completed(device3_intouch.log)
		 Elapsed Time: 
	HealthMonitorService
		 Start: Not started(device3_intouch.log)
		 Completed: Not completed(device3_intouch.log)
		 Elapsed Time: 
	Persistence
		 Start: Not started(device3_intouch.log)
		 Completed: Not completed(device3_intouch.log)
		 Elapsed Time: 
	ConfigurationService
		 Start: Not started(device3_intouch.log)
		 Completed: Not completed(device3_intouch.log)
		 Elapsed Time: 
	LandingPadService
		 Start: Not started(device3_intouch.log)
		 Completed: Not completed(device3_intouch.log)
		 Elapsed Time: 
	PortConfigurationService
		 Start: Not started(device3_intouch.log)
		 Completed: Not completed(device3_intouch.log)
		 Elapsed Time: 
	CacheService
		 Start: Not started(device3_intouch.log)
		 Completed: Not completed(device3_intouch.log)
		 Elapsed Time: 
	ThemingService
		 Start: Not started(device3_intouch.log)
		 Completed: Not completed(device3_intouch.log)
		 Elapsed Time: 
	StagingService
		 Start: Not started(device3_intouch.log)
		 Completed: Not completed(device3_intouch.log)
		 Elapsed Time: 
	DeviceIOService
		 Start: Not started(device3_intouch.log)
		 Completed: Not completed(device3_intouch.log)
		 Elapsed Time: 
	BellService
		 Start: Not started(device3_intouch.log)
		 Completed: Not completed(device3_intouch.log)
		 Elapsed Time: 
	GateService
		 Start: Not started(device3_intouch.log)
		 Completed: Not completed(device3_intouch.log)
		 Elapsed Time: 
	ReaderDataService
		 Start: Not started(device3_intouch.log)
		 Completed: Not completed(device3_intouch.log)
		 Elapsed Time: 
	BiometricService
		 Start: Not started(device3_intouch.log)
		 Completed: Not completed(device3_intouch.log)
		 Elapsed Time: 
	StateManager
		 Start: Not started(device3_intouch.log)
		 Completed: Not completed(device3_intouch.log)
		 Elapsed Time: 
	OfflineSmartviewService
		 Start: Not started(device3_intouch.log)
		 Completed: Not completed(device3_intouch.log)
		 Elapsed Time: 
	AVFeedbackService
		 Start: Not started(device3_intouch.log)
		 Completed: Not completed(device3_intouch.log)
		 Elapsed Time: 
	DatabaseThreads
		 Start: Not started(device3_intouch.log)
		 Completed: Not completed(device3_intouch.log)
		 Elapsed Time: 
	SoftLoadService
		 Start: Not started(device3_intouch.log)
		 Completed: Not completed(device3_intouch.log)
		 Elapsed Time: 
	WATCHDOG
		 Start: Not started(device3_intouch.log)
		 Completed: Not completed(device3_intouch.log)
		 Elapsed Time: 
	ProtocolService
		 Start: Not started(device3_intouch.log)
		 Completed: Not completed(device3_intouch.log)
		 Elapsed Time: 
	DiagnosticsService
		 Start: Not started(device3_intouch.log)
		 Completed: Not completed(device3_intouch.log)
		 Elapsed Time: 

*** Services not successfully started: Logging, DatabaseInitialize, MessagingService, HealthMonitorService, Persistence, ConfigurationService, LandingPadService, PortConfigurationService, CacheService, ThemingService, StagingService, DeviceIOService, BellService, GateService, ReaderDataService, BiometricService, StateManager, OfflineSmartviewService, AVFeedbackService, DatabaseThreads, SoftLoadService, WATCHDOG, ProtocolService, DiagnosticsService


=== Device boot ===
41615(device3_intouch.log): 2014-02-03 12:35:55 Boot Start
**** Incomplete boot ****


=== Device boot ===
41633(device3_intouch.log): 2014-02-03 12:38:22 Boot Start
**** Incomplete boot ****


=== Device boot ===
41648(device3_intouch.log): 2014-02-03 12:40:48 Boot Start
**** Incomplete boot ****


=== Device boot ===
41666(device3_intouch.log): 2014-02-03 12:43:17 Boot Start
**** Incomplete boot ****

Services
	Logging
		 Start: Not started(device3_intouch.log)
		 Completed: Not completed(device3_intouch.log)
		 Elapsed Time: 
	DatabaseInitialize
		 Start: Not started(device3_intouch.log)
		 Completed: Not completed(device3_intouch.log)
		 Elapsed Time: 
	MessagingService
		 Start: Not started(device3_intouch.log)
		 Completed: Not completed(device3_intouch.log)
		 Elapsed Time: 
	HealthMonitorService
		 Start: Not started(device3_intouch.log)
		 Completed: Not completed(device3_intouch.log)
		 Elapsed Time: 
	Persistence
		 Start: Not started(device3_intouch.log)
		 Completed: Not completed(device3_intouch.log)
		 Elapsed Time: 
	ConfigurationService
		 Start: Not started(device3_intouch.log)
		 Completed: Not completed(device3_intouch.log)
		 Elapsed Time: 
	LandingPadService
		 Start: Not started(device3_intouch.log)
		 Completed: Not completed(device3_intouch.log)
		 Elapsed Time: 
	PortConfigurationService
		 Start: Not started(device3_intouch.log)
		 Completed: Not completed(device3_intouch.log)
		 Elapsed Time: 
	CacheService
		 Start: Not started(device3_intouch.log)
		 Completed: Not completed(device3_intouch.log)
		 Elapsed Time: 
	ThemingService
		 Start: Not started(device3_intouch.log)
		 Completed: Not completed(device3_intouch.log)
		 Elapsed Time: 
	StagingService
		 Start: Not started(device3_intouch.log)
		 Completed: Not completed(device3_intouch.log)
		 Elapsed Time: 
	DeviceIOService
		 Start: Not started(device3_intouch.log)
		 Completed: Not completed(device3_intouch.log)
		 Elapsed Time: 
	BellService
		 Start: Not started(device3_intouch.log)
		 Completed: Not completed(device3_intouch.log)
		 Elapsed Time: 
	GateService
		 Start: Not started(device3_intouch.log)
		 Completed: Not completed(device3_intouch.log)
		 Elapsed Time: 
	ReaderDataService
		 Start: Not started(device3_intouch.log)
		 Completed: Not completed(device3_intouch.log)
		 Elapsed Time: 
	BiometricService
		 Start: Not started(device3_intouch.log)
		 Completed: Not completed(device3_intouch.log)
		 Elapsed Time: 
	StateManager
		 Start: Not started(device3_intouch.log)
		 Completed: Not completed(device3_intouch.log)
		 Elapsed Time: 
	OfflineSmartviewService
		 Start: Not started(device3_intouch.log)
		 Completed: Not completed(device3_intouch.log)
		 Elapsed Time: 
	AVFeedbackService
		 Start: Not started(device3_intouch.log)
		 Completed: Not completed(device3_intouch.log)
		 Elapsed Time: 
	DatabaseThreads
		 Start: Not started(device3_intouch.log)
		 Completed: Not completed(device3_intouch.log)
		 Elapsed Time: 
	SoftLoadService
		 Start: Not started(device3_intouch.log)
		 Completed: Not completed(device3_intouch.log)
		 Elapsed Time: 
	WATCHDOG
		 Start: Not started(device3_intouch.log)
		 Completed: Not completed(device3_intouch.log)
		 Elapsed Time: 
	ProtocolService
		 Start: Not started(device3_intouch.log)
		 Completed: Not completed(device3_intouch.log)
		 Elapsed Time: 
	DiagnosticsService
		 Start: Not started(device3_intouch.log)
		 Completed: Not completed(device3_intouch.log)
		 Elapsed Time: 

*** Services not successfully started: Logging, DatabaseInitialize, MessagingService, HealthMonitorService, Persistence, ConfigurationService, LandingPadService, PortConfigurationService, CacheService, ThemingService, StagingService, DeviceIOService, BellService, GateService, ReaderDataService, BiometricService, StateManager, OfflineSmartviewService, AVFeedbackService, DatabaseThreads, SoftLoadService, WATCHDOG, ProtocolService, DiagnosticsService


=== Device boot ===
41615(device3_intouch.log): 2014-02-03 12:35:55 Boot Start
**** Incomplete boot ****


=== Device boot ===
41633(device3_intouch.log): 2014-02-03 12:38:22 Boot Start
**** Incomplete boot ****


=== Device boot ===
41648(device3_intouch.log): 2014-02-03 12:40:48 Boot Start
**** Incomplete boot ****


=== Device boot ===
41666(device3_intouch.log): 2014-02-03 12:43:17 Boot Start
**** Incomplete boot ****


=== Device boot ===
41684(device3_intouch.log): 2014-02-03 12:45:46 Boot Start
**** Incomplete boot ****

Services
	Logging
		 Start: Not started(device3_intouch.log)
		 Completed: Not completed(device3_intouch.log)
		 Elapsed Time: 
	DatabaseInitialize
		 Start: Not started(device3_intouch.log)
		 Completed: Not completed(device3_intouch.log)
		 Elapsed Time: 
	MessagingService
		 Start: Not started(device3_intouch.log)
		 Completed: Not completed(device3_intouch.log)
		 Elapsed Time: 
	HealthMonitorService
		 Start: Not started(device3_intouch.log)
		 Completed: Not completed(device3_intouch.log)
		 Elapsed Time: 
	Persistence
		 Start: Not started(device3_intouch.log)
		 Completed: Not completed(device3_intouch.log)
		 Elapsed Time: 
	ConfigurationService
		 Start: Not started(device3_intouch.log)
		 Completed: Not completed(device3_intouch.log)
		 Elapsed Time: 
	LandingPadService
		 Start: Not started(device3_intouch.log)
		 Completed: Not completed(device3_intouch.log)
		 Elapsed Time: 
	PortConfigurationService
		 Start: Not started(device3_intouch.log)
		 Completed: Not completed(device3_intouch.log)
		 Elapsed Time: 
	CacheService
		 Start: Not started(device3_intouch.log)
		 Completed: Not completed(device3_intouch.log)
		 Elapsed Time: 
	ThemingService
		 Start: Not started(device3_intouch.log)
		 Completed: Not completed(device3_intouch.log)
		 Elapsed Time: 
	StagingService
		 Start: Not started(device3_intouch.log)
		 Completed: Not completed(device3_intouch.log)
		 Elapsed Time: 
	DeviceIOService
		 Start: Not started(device3_intouch.log)
		 Completed: Not completed(device3_intouch.log)
		 Elapsed Time: 
	BellService
		 Start: Not started(device3_intouch.log)
		 Completed: Not completed(device3_intouch.log)
		 Elapsed Time: 
	GateService
		 Start: Not started(device3_intouch.log)
		 Completed: Not completed(device3_intouch.log)
		 Elapsed Time: 
	ReaderDataService
		 Start: Not started(device3_intouch.log)
		 Completed: Not completed(device3_intouch.log)
		 Elapsed Time: 
	BiometricService
		 Start: Not started(device3_intouch.log)
		 Completed: Not completed(device3_intouch.log)
		 Elapsed Time: 
	StateManager
		 Start: Not started(device3_intouch.log)
		 Completed: Not completed(device3_intouch.log)
		 Elapsed Time: 
	OfflineSmartviewService
		 Start: Not started(device3_intouch.log)
		 Completed: Not completed(device3_intouch.log)
		 Elapsed Time: 
	AVFeedbackService
		 Start: Not started(device3_intouch.log)
		 Completed: Not completed(device3_intouch.log)
		 Elapsed Time: 
	DatabaseThreads
		 Start: Not started(device3_intouch.log)
		 Completed: Not completed(device3_intouch.log)
		 Elapsed Time: 
	SoftLoadService
		 Start: Not started(device3_intouch.log)
		 Completed: Not completed(device3_intouch.log)
		 Elapsed Time: 
	WATCHDOG
		 Start: Not started(device3_intouch.log)
		 Completed: Not completed(device3_intouch.log)
		 Elapsed Time: 
	ProtocolService
		 Start: Not started(device3_intouch.log)
		 Completed: Not completed(device3_intouch.log)
		 Elapsed Time: 
	DiagnosticsService
		 Start: Not started(device3_intouch.log)
		 Completed: Not completed(device3_intouch.log)
		 Elapsed Time: 

*** Services not successfully started: Logging, DatabaseInitialize, MessagingService, HealthMonitorService, Persistence, ConfigurationService, LandingPadService, PortConfigurationService, CacheService, ThemingService, StagingService, DeviceIOService, BellService, GateService, ReaderDataService, BiometricService, StateManager, OfflineSmartviewService, AVFeedbackService, DatabaseThreads, SoftLoadService, WATCHDOG, ProtocolService, DiagnosticsService


=== Device boot ===
41615(device3_intouch.log): 2014-02-03 12:35:55 Boot Start
**** Incomplete boot ****


=== Device boot ===
41633(device3_intouch.log): 2014-02-03 12:38:22 Boot Start
**** Incomplete boot ****


=== Device boot ===
41648(device3_intouch.log): 2014-02-03 12:40:48 Boot Start
**** Incomplete boot ****


=== Device boot ===
41666(device3_intouch.log): 2014-02-03 12:43:17 Boot Start
**** Incomplete boot ****


=== Device boot ===
41684(device3_intouch.log): 2014-02-03 12:45:46 Boot Start
**** Incomplete boot ****


=== Device boot ===
41694(device3_intouch.log): 2014-02-03 14:02:34 Boot Start
41802(device3_intouch.log): 2014-02-03 14:05:18 Boot Completed
	Boot Time: 164000ms

Services
	ThemingService
		ThemingServiceStart:41782(device3_intouch.log)
		Completed:41783(device3_intouch.log)
		ElapsedTime:1
	OfflineSmartviewService
		OfflineSmartviewServiceStart:41780(device3_intouch.log)
		Completed:41781(device3_intouch.log)
		ElapsedTime:50
	BiometricService
		BiometricServiceStart:41772(device3_intouch.log)
		Completed:41773(device3_intouch.log)
		ElapsedTime:1158
	ReaderDataService
		ReaderDataServiceStart:41778(device3_intouch.log)
		Completed:41779(device3_intouch.log)
		ElapsedTime:2
	Logging
		LoggingStart:41710(device3_intouch.log)
		Completed:41711(device3_intouch.log)
		ElapsedTime:282
	DatabaseInitialize
		DatabaseInitializeStart:41712(device3_intouch.log)
		Completed:41736(device3_intouch.log)
		ElapsedTime:31486
	MessagingService
		MessagingServiceStart:41737(device3_intouch.log)
		Completed:41739(device3_intouch.log)
		ElapsedTime:5674
	DatabaseThreads
		ProtocolServiceSoftLoadServiceWATCHDOGDiagnosticsServiceDiagnosticsServiceStart:41790(device3_intouch.log)
		Start:41790(device3_intouch.log)
		Completed:41798(device3_intouch.log)
		ElapsedTime:3342
	ConfigurationService
		ConfigurationServiceStart:41756(device3_intouch.log)
		Completed:41757(device3_intouch.log)
		ElapsedTime:0
	CacheService
		CacheServiceStart:41766(device3_intouch.log)
		Completed:41767(device3_intouch.log)
		ElapsedTime:805
	StateManager
		StateManagerStart:41774(device3_intouch.log)
		Completed:41775(device3_intouch.log)
		ElapsedTime:2138
	AVFeedbackService
		AVFeedbackServiceStart:41768(device3_intouch.log)
		Completed:41769(device3_intouch.log)
		ElapsedTime:156
	StagingService
		StagingServiceStart:41770(device3_intouch.log)
		Completed:41771(device3_intouch.log)
		ElapsedTime:7859
	WATCHDOG
		Start:41790(device3_intouch.log)
		Completed:41793(device3_intouch.log)
		ElapsedTime:346
	DiagnosticsService
		Completed:41792(device3_intouch.log)
		ElapsedTime:336
	HealthMonitorService
		HealthMonitorServiceStart:41752(device3_intouch.log)
		Completed:41753(device3_intouch.log)
		ElapsedTime:196
	BellService
		BellServiceStart:41776(device3_intouch.log)
		Completed:41777(device3_intouch.log)
		ElapsedTime:1
	Persistence
		PersistenceStart:41754(device3_intouch.log)
		Completed:41755(device3_intouch.log)
		ElapsedTime:16924
	PortConfigurationService
		PortConfigurationServiceStart:41758(device3_intouch.log)
		Completed:41759(device3_intouch.log)
		ElapsedTime:63
	LandingPadService
		LandingPadServiceStart:41760(device3_intouch.log)
		Completed:41761(device3_intouch.log)
		ElapsedTime:2
	DeviceIOService
		DeviceIOServiceStart:41762(device3_intouch.log)
		Completed:41763(device3_intouch.log)
		ElapsedTime:19
	SoftLoadService
		Start:41790(device3_intouch.log)
		Completed:41795(device3_intouch.log)
		ElapsedTime:2690
	GateService
		GateServiceStart:41764(device3_intouch.log)
		Completed:41765(device3_intouch.log)
		ElapsedTime:3
